<?xml version="1.0" encoding="UTF-8"?>
<testsuite xmlns:xsi="http://www.w3.org/2001/XMLSchema-instance" xsi:noNamespaceSchemaLocation="https://maven.apache.org/surefire/maven-surefire-plugin/xsd/surefire-test-report-3.0.xsd" version="3.0" name="ru.sberstart.dao.ClientDaoTest" time="1.092" tests="5" errors="0" skipped="0" failures="0">
  <properties>
    <property name="java.specification.version" value="14"/>
    <property name="sun.jnu.encoding" value="UTF-8"/>
    <property name="java.class.path" value="/home/gleidan/Bank_API/target/test-classes:/home/gleidan/Bank_API/target/classes:/home/gleidan/.m2/repository/com/h2database/h2/1.4.200/h2-1.4.200.jar:/home/gleidan/.m2/repository/org/junit/jupiter/junit-jupiter-engine/5.7.0/junit-jupiter-engine-5.7.0.jar:/home/gleidan/.m2/repository/org/apiguardian/apiguardian-api/1.1.0/apiguardian-api-1.1.0.jar:/home/gleidan/.m2/repository/org/junit/platform/junit-platform-engine/1.7.0/junit-platform-engine-1.7.0.jar:/home/gleidan/.m2/repository/org/junit/jupiter/junit-jupiter-api/5.7.0/junit-jupiter-api-5.7.0.jar:/home/gleidan/.m2/repository/org/opentest4j/opentest4j/1.2.0/opentest4j-1.2.0.jar:/home/gleidan/.m2/repository/org/junit/platform/junit-platform-commons/1.7.0/junit-platform-commons-1.7.0.jar:/home/gleidan/.m2/repository/org/junit/jupiter/junit-jupiter-params/5.7.0/junit-jupiter-params-5.7.0.jar:/home/gleidan/.m2/repository/org/hsqldb/hsqldb/2.5.1/hsqldb-2.5.1.jar:/home/gleidan/.m2/repository/org/springframework/spring-jdbc/5.2.9.RELEASE/spring-jdbc-5.2.9.RELEASE.jar:/home/gleidan/.m2/repository/org/springframework/spring-beans/5.2.9.RELEASE/spring-beans-5.2.9.RELEASE.jar:/home/gleidan/.m2/repository/org/springframework/spring-core/5.2.9.RELEASE/spring-core-5.2.9.RELEASE.jar:/home/gleidan/.m2/repository/org/springframework/spring-jcl/5.2.9.RELEASE/spring-jcl-5.2.9.RELEASE.jar:/home/gleidan/.m2/repository/org/springframework/spring-tx/5.2.9.RELEASE/spring-tx-5.2.9.RELEASE.jar:/home/gleidan/.m2/repository/com/zaxxer/HikariCP/3.4.5/HikariCP-3.4.5.jar:/home/gleidan/.m2/repository/com/fasterxml/jackson/core/jackson-core/2.2.2/jackson-core-2.2.2.jar:/home/gleidan/.m2/repository/com/fasterxml/jackson/core/jackson-databind/2.2.2/jackson-databind-2.2.2.jar:/home/gleidan/.m2/repository/com/fasterxml/jackson/core/jackson-annotations/2.2.2/jackson-annotations-2.2.2.jar:/home/gleidan/.m2/repository/io/rest-assured/rest-assured/4.3.2/rest-assured-4.3.2.jar:/home/gleidan/.m2/repository/org/codehaus/groovy/groovy/3.0.6/groovy-3.0.6.jar:/home/gleidan/.m2/repository/org/codehaus/groovy/groovy-xml/3.0.6/groovy-xml-3.0.6.jar:/home/gleidan/.m2/repository/org/apache/httpcomponents/httpclient/4.5.3/httpclient-4.5.3.jar:/home/gleidan/.m2/repository/org/apache/httpcomponents/httpcore/4.4.6/httpcore-4.4.6.jar:/home/gleidan/.m2/repository/commons-logging/commons-logging/1.2/commons-logging-1.2.jar:/home/gleidan/.m2/repository/commons-codec/commons-codec/1.9/commons-codec-1.9.jar:/home/gleidan/.m2/repository/org/apache/httpcomponents/httpmime/4.5.3/httpmime-4.5.3.jar:/home/gleidan/.m2/repository/org/hamcrest/hamcrest/2.1/hamcrest-2.1.jar:/home/gleidan/.m2/repository/org/ccil/cowan/tagsoup/tagsoup/1.2.1/tagsoup-1.2.1.jar:/home/gleidan/.m2/repository/io/rest-assured/json-path/4.3.2/json-path-4.3.2.jar:/home/gleidan/.m2/repository/org/codehaus/groovy/groovy-json/3.0.6/groovy-json-3.0.6.jar:/home/gleidan/.m2/repository/io/rest-assured/rest-assured-common/4.3.2/rest-assured-common-4.3.2.jar:/home/gleidan/.m2/repository/io/rest-assured/xml-path/4.3.2/xml-path-4.3.2.jar:/home/gleidan/.m2/repository/org/apache/commons/commons-lang3/3.11/commons-lang3-3.11.jar:/home/gleidan/.m2/repository/jakarta/xml/bind/jakarta.xml.bind-api/2.3.3/jakarta.xml.bind-api-2.3.3.jar:/home/gleidan/.m2/repository/jakarta/activation/jakarta.activation-api/1.2.2/jakarta.activation-api-1.2.2.jar:/home/gleidan/.m2/repository/com/sun/xml/bind/jaxb-impl/2.3.3/jaxb-impl-2.3.3.jar:/home/gleidan/.m2/repository/org/slf4j/slf4j-api/1.7.5/slf4j-api-1.7.5.jar:/home/gleidan/.m2/repository/org/slf4j/slf4j-simple/1.7.5/slf4j-simple-1.7.5.jar:"/>
    <property name="java.vm.vendor" value="Oracle Corporation"/>
    <property name="sun.arch.data.model" value="64"/>
    <property name="java.vendor.url" value="https://java.oracle.com/"/>
    <property name="user.timezone" value="Europe/Moscow"/>
    <property name="os.name" value="Linux"/>
    <property name="java.vm.specification.version" value="14"/>
    <property name="sun.java.launcher" value="SUN_STANDARD"/>
    <property name="user.country" value="RU"/>
    <property name="sun.boot.library.path" value="/home/gleidan/.jdks/openjdk-14.0.2/lib"/>
    <property name="sun.java.command" value="/home/gleidan/Bank_API/target/surefire/surefirebooter2044798500476516057.jar /home/gleidan/Bank_API/target/surefire 2020-12-11T15-55-19_957-jvmRun1 surefire12464186014275133686tmp surefire_01583190873020865153tmp"/>
    <property name="jdk.debug" value="release"/>
    <property name="surefire.test.class.path" value="/home/gleidan/Bank_API/target/test-classes:/home/gleidan/Bank_API/target/classes:/home/gleidan/.m2/repository/com/h2database/h2/1.4.200/h2-1.4.200.jar:/home/gleidan/.m2/repository/org/junit/jupiter/junit-jupiter-engine/5.7.0/junit-jupiter-engine-5.7.0.jar:/home/gleidan/.m2/repository/org/apiguardian/apiguardian-api/1.1.0/apiguardian-api-1.1.0.jar:/home/gleidan/.m2/repository/org/junit/platform/junit-platform-engine/1.7.0/junit-platform-engine-1.7.0.jar:/home/gleidan/.m2/repository/org/junit/jupiter/junit-jupiter-api/5.7.0/junit-jupiter-api-5.7.0.jar:/home/gleidan/.m2/repository/org/opentest4j/opentest4j/1.2.0/opentest4j-1.2.0.jar:/home/gleidan/.m2/repository/org/junit/platform/junit-platform-commons/1.7.0/junit-platform-commons-1.7.0.jar:/home/gleidan/.m2/repository/org/junit/jupiter/junit-jupiter-params/5.7.0/junit-jupiter-params-5.7.0.jar:/home/gleidan/.m2/repository/org/hsqldb/hsqldb/2.5.1/hsqldb-2.5.1.jar:/home/gleidan/.m2/repository/org/springframework/spring-jdbc/5.2.9.RELEASE/spring-jdbc-5.2.9.RELEASE.jar:/home/gleidan/.m2/repository/org/springframework/spring-beans/5.2.9.RELEASE/spring-beans-5.2.9.RELEASE.jar:/home/gleidan/.m2/repository/org/springframework/spring-core/5.2.9.RELEASE/spring-core-5.2.9.RELEASE.jar:/home/gleidan/.m2/repository/org/springframework/spring-jcl/5.2.9.RELEASE/spring-jcl-5.2.9.RELEASE.jar:/home/gleidan/.m2/repository/org/springframework/spring-tx/5.2.9.RELEASE/spring-tx-5.2.9.RELEASE.jar:/home/gleidan/.m2/repository/com/zaxxer/HikariCP/3.4.5/HikariCP-3.4.5.jar:/home/gleidan/.m2/repository/com/fasterxml/jackson/core/jackson-core/2.2.2/jackson-core-2.2.2.jar:/home/gleidan/.m2/repository/com/fasterxml/jackson/core/jackson-databind/2.2.2/jackson-databind-2.2.2.jar:/home/gleidan/.m2/repository/com/fasterxml/jackson/core/jackson-annotations/2.2.2/jackson-annotations-2.2.2.jar:/home/gleidan/.m2/repository/io/rest-assured/rest-assured/4.3.2/rest-assured-4.3.2.jar:/home/gleidan/.m2/repository/org/codehaus/groovy/groovy/3.0.6/groovy-3.0.6.jar:/home/gleidan/.m2/repository/org/codehaus/groovy/groovy-xml/3.0.6/groovy-xml-3.0.6.jar:/home/gleidan/.m2/repository/org/apache/httpcomponents/httpclient/4.5.3/httpclient-4.5.3.jar:/home/gleidan/.m2/repository/org/apache/httpcomponents/httpcore/4.4.6/httpcore-4.4.6.jar:/home/gleidan/.m2/repository/commons-logging/commons-logging/1.2/commons-logging-1.2.jar:/home/gleidan/.m2/repository/commons-codec/commons-codec/1.9/commons-codec-1.9.jar:/home/gleidan/.m2/repository/org/apache/httpcomponents/httpmime/4.5.3/httpmime-4.5.3.jar:/home/gleidan/.m2/repository/org/hamcrest/hamcrest/2.1/hamcrest-2.1.jar:/home/gleidan/.m2/repository/org/ccil/cowan/tagsoup/tagsoup/1.2.1/tagsoup-1.2.1.jar:/home/gleidan/.m2/repository/io/rest-assured/json-path/4.3.2/json-path-4.3.2.jar:/home/gleidan/.m2/repository/org/codehaus/groovy/groovy-json/3.0.6/groovy-json-3.0.6.jar:/home/gleidan/.m2/repository/io/rest-assured/rest-assured-common/4.3.2/rest-assured-common-4.3.2.jar:/home/gleidan/.m2/repository/io/rest-assured/xml-path/4.3.2/xml-path-4.3.2.jar:/home/gleidan/.m2/repository/org/apache/commons/commons-lang3/3.11/commons-lang3-3.11.jar:/home/gleidan/.m2/repository/jakarta/xml/bind/jakarta.xml.bind-api/2.3.3/jakarta.xml.bind-api-2.3.3.jar:/home/gleidan/.m2/repository/jakarta/activation/jakarta.activation-api/1.2.2/jakarta.activation-api-1.2.2.jar:/home/gleidan/.m2/repository/com/sun/xml/bind/jaxb-impl/2.3.3/jaxb-impl-2.3.3.jar:/home/gleidan/.m2/repository/org/slf4j/slf4j-api/1.7.5/slf4j-api-1.7.5.jar:/home/gleidan/.m2/repository/org/slf4j/slf4j-simple/1.7.5/slf4j-simple-1.7.5.jar:"/>
    <property name="sun.cpu.endian" value="little"/>
    <property name="user.home" value="/home/gleidan"/>
    <property name="user.language" value="ru"/>
    <property name="java.specification.vendor" value="Oracle Corporation"/>
    <property name="java.version.date" value="2020-07-14"/>
    <property name="java.home" value="/home/gleidan/.jdks/openjdk-14.0.2"/>
    <property name="file.separator" value="/"/>
    <property name="basedir" value="/home/gleidan/Bank_API"/>
    <property name="java.vm.compressedOopsMode" value="Zero based"/>
    <property name="line.separator" value="&#10;"/>
    <property name="java.vm.specification.vendor" value="Oracle Corporation"/>
    <property name="java.specification.name" value="Java Platform API Specification"/>
    <property name="surefire.real.class.path" value="/home/gleidan/Bank_API/target/surefire/surefirebooter2044798500476516057.jar"/>
    <property name="sun.management.compiler" value="HotSpot 64-Bit Tiered Compilers"/>
    <property name="java.runtime.version" value="14.0.2+12-46"/>
    <property name="user.name" value="gleidan"/>
    <property name="path.separator" value=":"/>
    <property name="os.version" value="5.4.0-47-generic"/>
    <property name="java.runtime.name" value="OpenJDK Runtime Environment"/>
    <property name="file.encoding" value="UTF-8"/>
    <property name="java.vm.name" value="OpenJDK 64-Bit Server VM"/>
    <property name="localRepository" value="/home/gleidan/.m2/repository"/>
    <property name="java.vendor.url.bug" value="https://bugreport.java.com/bugreport/"/>
    <property name="java.io.tmpdir" value="/tmp"/>
    <property name="idea.version" value="2020.3"/>
    <property name="java.version" value="14.0.2"/>
    <property name="user.dir" value="/home/gleidan/Bank_API"/>
    <property name="os.arch" value="amd64"/>
    <property name="java.vm.specification.name" value="Java Virtual Machine Specification"/>
    <property name="java.library.path" value="/usr/java/packages/lib:/usr/lib64:/lib64:/lib:/usr/lib"/>
    <property name="java.vm.info" value="mixed mode, sharing"/>
    <property name="java.vendor" value="Oracle Corporation"/>
    <property name="java.vm.version" value="14.0.2+12-46"/>
    <property name="sun.io.unicode.encoding" value="UnicodeLittle"/>
    <property name="java.class.version" value="58.0"/>
  </properties>
  <testcase name="saveTest" classname="ru.sberstart.dao.ClientDaoTest" time="0.23">
    <system-err><![CDATA[[main] INFO org.springframework.jdbc.datasource.embedded.EmbeddedDatabaseFactory - Starting embedded database: url='jdbc:h2:mem:75546ee5-eaee-49ff-b82f-9ebd55732e93;DB_CLOSE_DELAY=-1;DB_CLOSE_ON_EXIT=false', username='sa'
[main] INFO org.springframework.jdbc.datasource.embedded.EmbeddedDatabaseFactory - Shutting down embedded database: url='jdbc:h2:mem:75546ee5-eaee-49ff-b82f-9ebd55732e93;DB_CLOSE_DELAY=-1;DB_CLOSE_ON_EXIT=false'
]]></system-err>
  </testcase>
  <testcase name="getByIdTest" classname="ru.sberstart.dao.ClientDaoTest" time="0.211">
    <system-err><![CDATA[[main] INFO org.springframework.jdbc.datasource.embedded.EmbeddedDatabaseFactory - Starting embedded database: url='jdbc:h2:mem:3e1b5c96-ef4d-4cfb-81eb-1567ceb85274;DB_CLOSE_DELAY=-1;DB_CLOSE_ON_EXIT=false', username='sa'
[main] INFO org.springframework.jdbc.datasource.embedded.EmbeddedDatabaseFactory - Shutting down embedded database: url='jdbc:h2:mem:3e1b5c96-ef4d-4cfb-81eb-1567ceb85274;DB_CLOSE_DELAY=-1;DB_CLOSE_ON_EXIT=false'
]]></system-err>
  </testcase>
  <testcase name="updateTest" classname="ru.sberstart.dao.ClientDaoTest" time="0.213">
    <system-err><![CDATA[[main] INFO org.springframework.jdbc.datasource.embedded.EmbeddedDatabaseFactory - Starting embedded database: url='jdbc:h2:mem:a09ec5d7-20a9-41d3-8806-ad2d9b50b52e;DB_CLOSE_DELAY=-1;DB_CLOSE_ON_EXIT=false', username='sa'
[main] INFO org.springframework.jdbc.datasource.embedded.EmbeddedDatabaseFactory - Shutting down embedded database: url='jdbc:h2:mem:a09ec5d7-20a9-41d3-8806-ad2d9b50b52e;DB_CLOSE_DELAY=-1;DB_CLOSE_ON_EXIT=false'
]]></system-err>
  </testcase>
  <testcase name="getAllTest" classname="ru.sberstart.dao.ClientDaoTest" time="0.209">
    <system-err><![CDATA[[main] INFO org.springframework.jdbc.datasource.embedded.EmbeddedDatabaseFactory - Starting embedded database: url='jdbc:h2:mem:9d77d09b-7d89-459b-8bec-61a9d1786505;DB_CLOSE_DELAY=-1;DB_CLOSE_ON_EXIT=false', username='sa'
[main] INFO org.springframework.jdbc.datasource.embedded.EmbeddedDatabaseFactory - Shutting down embedded database: url='jdbc:h2:mem:9d77d09b-7d89-459b-8bec-61a9d1786505;DB_CLOSE_DELAY=-1;DB_CLOSE_ON_EXIT=false'
]]></system-err>
  </testcase>
  <testcase name="deleteTest" classname="ru.sberstart.dao.ClientDaoTest" time="0.223">
    <system-err><![CDATA[[main] INFO org.springframework.jdbc.datasource.embedded.EmbeddedDatabaseFactory - Starting embedded database: url='jdbc:h2:mem:70988023-4e1b-4b00-bd0c-410d8260280f;DB_CLOSE_DELAY=-1;DB_CLOSE_ON_EXIT=false', username='sa'
[main] INFO org.springframework.jdbc.datasource.embedded.EmbeddedDatabaseFactory - Shutting down embedded database: url='jdbc:h2:mem:70988023-4e1b-4b00-bd0c-410d8260280f;DB_CLOSE_DELAY=-1;DB_CLOSE_ON_EXIT=false'
]]></system-err>
  </testcase>
</testsuite>